INFO: [HLS 200-10] Running 'C:/Xilinx/Vitis_HLS/2022.2/bin/unwrapped/win64.o/vitis_hls.exe'
INFO: [HLS 200-10] For user 'AlgoOy' on host 'algooy' (Windows NT_amd64 version 6.2) on Sun Nov 20 00:26:44 +0800 2022
INFO: [HLS 200-10] In directory 'C:/Users/24073/Desktop/temp_hw/project_2'
Sourcing Tcl script 'C:/Users/24073/Desktop/temp_hw/project_2/vender/solution1/export.tcl'
INFO: [HLS 200-1510] Running: source C:/Users/24073/Desktop/temp_hw/project_2/vender/solution1/export.tcl
INFO: [HLS 200-1510] Running: open_project vender 
INFO: [HLS 200-10] Opening project 'C:/Users/24073/Desktop/temp_hw/project_2/vender'.
INFO: [HLS 200-1510] Running: set_top balance 
INFO: [HLS 200-1510] Running: add_files ../project_2_src/vender.cpp 
INFO: [HLS 200-10] Adding design file '../project_2_src/vender.cpp' to the project
INFO: [HLS 200-1510] Running: add_files ../project_2_src/vender.h 
INFO: [HLS 200-10] Adding design file '../project_2_src/vender.h' to the project
INFO: [HLS 200-1510] Running: add_files -tb ../project_2_src/vender_tb.cpp 
INFO: [HLS 200-10] Adding test bench file '../project_2_src/vender_tb.cpp' to the project
INFO: [HLS 200-1510] Running: open_solution solution1 -flow_target vivado 
INFO: [HLS 200-10] Opening solution 'C:/Users/24073/Desktop/temp_hw/project_2/vender/solution1'.
INFO: [SYN 201-201] Setting up clock 'default' with a period of 10ns.
INFO: [HLS 200-1611] Setting target device to 'xc7z020-clg484-1'
INFO: [HLS 200-1505] Using flow_target 'vivado'
Resolution: For help on HLS 200-1505 see www.xilinx.com/cgi-bin/docs/rdoc?v=2022.2;t=hls+guidance;d=200-1505.html
INFO: [HLS 200-1510] Running: set_part xc7z020clg484-1 
INFO: [HLS 200-1510] Running: create_clock -period 10 -name default 
INFO: [SYN 201-201] Setting up clock 'default' with a period of 10ns.
INFO: [HLS 200-1510] Running: export_design -rtl verilog -format ip_catalog 
Running Dispatch Server on port: 5729
INFO: [IMPL 213-8] Exporting RTL as a Vivado IP.

****** Vivado v2022.2 (64-bit)
  **** SW Build 3671981 on Fri Oct 14 05:00:03 MDT 2022
  **** IP Build 3669848 on Fri Oct 14 08:30:02 MDT 2022
    ** Copyright 1986-2022 Xilinx, Inc. All Rights Reserved.

source run_ippack.tcl -notrace
INFO: [IP_Flow 19-234] Refreshing IP repositories
INFO: [IP_Flow 19-1704] No user IP repositories specified
INFO: [IP_Flow 19-2313] Loaded Vivado IP repository 'C:/Xilinx/Vivado/2022.2/data/ip'.
INFO: [Common 17-206] Exiting Vivado at Sun Nov 20 00:27:06 2022...
INFO: [HLS 200-802] Generated output file vender/solution1/impl/export.zip
INFO: [HLS 200-111] Finished Command export_design CPU user time: 0 seconds. CPU system time: 0 seconds. Elapsed time: 10.219 seconds; current allocated memory: 6.684 MB.
INFO: [HLS 200-112] Total CPU user time: 1 seconds. Total CPU system time: 1 seconds. Total elapsed time: 22.254 seconds; peak allocated memory: 113.387 MB.
