

================================================================
== Vitis HLS Report for 'balance'
================================================================
* Date:           Sun Nov 20 00:23:45 2022

* Version:        2022.2 (Build 3670227 on Oct 13 2022)
* Project:        vender
* Solution:       solution1 (Vivado IP Flow Target)
* Product family: zynq
* Target device:  xc7z020-clg484-1


================================================================
== Performance Estimates
================================================================
+ Timing: 
    * Summary: 
    +--------+----------+----------+------------+
    |  Clock |  Target  | Estimated| Uncertainty|
    +--------+----------+----------+------------+
    |ap_clk  |  10.00 ns|  0.978 ns|     2.70 ns|
    +--------+----------+----------+------------+

+ Latency: 
    * Summary: 
    +---------+---------+----------+----------+-----+-----+---------+
    |  Latency (cycles) |  Latency (absolute) |  Interval | Pipeline|
    |   min   |   max   |    min   |    max   | min | max |   Type  |
    +---------+---------+----------+----------+-----+-----+---------+
    |        0|        0|      0 ns|      0 ns|    1|    1|       no|
    +---------+---------+----------+----------+-----+-----+---------+

    + Detail: 
        * Instance: 
        N/A

        * Loop: 
        N/A

============================================================
+ Verbose Summary: Synthesis Manager
============================================================
InlineROM: 1
ExposeGlobal: 0
============================================================
+ Verbose Summary: CDFG Model
============================================================
IsTopModel: 1
ResetActiveHigh: 1
IsCombinational: 0
IsDatapathOnly: 0
HasWiredReturn: 1
HasMFsm: 0
HasVarLatency: 0
IsPipeline: 0
IsRtlPipelined: 0
IsInstanceOverlapped: 0
IsDontTouch: 0
HasImplIP: 0
IsGatedGlobalClock: 0


============================================================
+ Verbose Summary: Schedule
============================================================
* Number of FSM states : 1
* Pipeline : 0
* Dataflow Pipeline: 0

* FSM state transitions: 
1 --> 

* FSM state operations: 

State 1 <SV = 0> <Delay = 0.97>
ST_1 : Operation 2 [1/1] (0.00ns)   --->   "%spectopmodule_ln2 = spectopmodule void @_ssdm_op_SpecTopModule, void @empty_1" [../project_2_src/vender.cpp:2]   --->   Operation 2 'spectopmodule' 'spectopmodule_ln2' <Predicate = true> <Delay = 0.00>
ST_1 : Operation 3 [1/1] (0.00ns)   --->   "%specbitsmap_ln0 = specbitsmap void @_ssdm_op_SpecBitsMap, i3 %sum"   --->   Operation 3 'specbitsmap' 'specbitsmap_ln0' <Predicate = true> <Delay = 0.00>
ST_1 : Operation 4 [1/1] (0.00ns)   --->   "%specinterface_ln0 = specinterface void @_ssdm_op_SpecInterface, i3 %sum, void @empty, i32 0, i32 0, void @empty_0, i32 0, i32 0, void @empty_0, void @empty_0, void @empty_0, i32 0, i32 0, i32 0, i32 0, void @empty_0, void @empty_0, i32 4294967295, i32 0"   --->   Operation 4 'specinterface' 'specinterface_ln0' <Predicate = true> <Delay = 0.00>
ST_1 : Operation 5 [1/1] (0.00ns)   --->   "%specbitsmap_ln0 = specbitsmap void @_ssdm_op_SpecBitsMap, i2 %cash"   --->   Operation 5 'specbitsmap' 'specbitsmap_ln0' <Predicate = true> <Delay = 0.00>
ST_1 : Operation 6 [1/1] (0.00ns)   --->   "%specinterface_ln0 = specinterface void @_ssdm_op_SpecInterface, i2 %cash, void @empty, i32 0, i32 0, void @empty_0, i32 0, i32 0, void @empty_0, void @empty_0, void @empty_0, i32 0, i32 0, i32 0, i32 0, void @empty_0, void @empty_0, i32 4294967295, i32 0"   --->   Operation 6 'specinterface' 'specinterface_ln0' <Predicate = true> <Delay = 0.00>
ST_1 : Operation 7 [1/1] (0.00ns)   --->   "%specbitsmap_ln0 = specbitsmap void @_ssdm_op_SpecBitsMap, i2 %tissue"   --->   Operation 7 'specbitsmap' 'specbitsmap_ln0' <Predicate = true> <Delay = 0.00>
ST_1 : Operation 8 [1/1] (0.00ns)   --->   "%specinterface_ln0 = specinterface void @_ssdm_op_SpecInterface, i2 %tissue, void @empty, i32 0, i32 0, void @empty_0, i32 0, i32 0, void @empty_0, void @empty_0, void @empty_0, i32 0, i32 0, i32 0, i32 0, void @empty_0, void @empty_0, i32 4294967295, i32 0"   --->   Operation 8 'specinterface' 'specinterface_ln0' <Predicate = true> <Delay = 0.00>
ST_1 : Operation 9 [1/1] (0.00ns)   --->   "%cash_read = read i2 @_ssdm_op_Read.ap_auto.i2, i2 %cash" [../project_2_src/vender.cpp:2]   --->   Operation 9 'read' 'cash_read' <Predicate = true> <Delay = 0.00>
ST_1 : Operation 10 [1/1] (0.00ns)   --->   "%sum_read = read i3 @_ssdm_op_Read.ap_auto.i3P0A, i3 %sum"   --->   Operation 10 'read' 'sum_read' <Predicate = true> <Delay = 0.00>
ST_1 : Operation 11 [1/1] (0.95ns)   --->   "%switch_ln3 = switch i3 %sum_read, void %if.end, i3 0, void %if.then, i3 1, void %if.then8, i3 2, void %if.then21" [../project_2_src/vender.cpp:3]   --->   Operation 11 'switch' 'switch_ln3' <Predicate = true> <Delay = 0.95>
ST_1 : Operation 12 [1/1] (0.95ns)   --->   "%switch_ln32 = switch i2 %cash_read, void %sw.epilog33, i2 0, void %sw.bb23, i2 1, void %sw.bb25" [../project_2_src/vender.cpp:32]   --->   Operation 12 'switch' 'switch_ln32' <Predicate = (sum_read == 2)> <Delay = 0.95>
ST_1 : Operation 13 [1/1] (0.00ns)   --->   "%write_ln38 = write void @_ssdm_op_Write.ap_auto.i2P0A, i2 %tissue, i2 1" [../project_2_src/vender.cpp:38]   --->   Operation 13 'write' 'write_ln38' <Predicate = (sum_read == 2 & cash_read == 1)> <Delay = 0.00>
ST_1 : Operation 14 [1/1] (0.00ns)   --->   "%write_ln39 = write void @_ssdm_op_Write.ap_auto.i3P0A, i3 %sum, i3 0" [../project_2_src/vender.cpp:39]   --->   Operation 14 'write' 'write_ln39' <Predicate = (sum_read == 2 & cash_read == 1)> <Delay = 0.00>
ST_1 : Operation 15 [1/1] (0.00ns)   --->   "%br_ln40 = br void %sw.epilog33" [../project_2_src/vender.cpp:40]   --->   Operation 15 'br' 'br_ln40' <Predicate = (sum_read == 2 & cash_read == 1)> <Delay = 0.00>
ST_1 : Operation 16 [1/1] (0.00ns)   --->   "%write_ln34 = write void @_ssdm_op_Write.ap_auto.i3P0A, i3 %sum, i3 2" [../project_2_src/vender.cpp:34]   --->   Operation 16 'write' 'write_ln34' <Predicate = (sum_read == 2 & cash_read == 0)> <Delay = 0.00>
ST_1 : Operation 17 [1/1] (0.00ns)   --->   "%br_ln35 = br void %sw.epilog33" [../project_2_src/vender.cpp:35]   --->   Operation 17 'br' 'br_ln35' <Predicate = (sum_read == 2 & cash_read == 0)> <Delay = 0.00>
ST_1 : Operation 18 [1/1] (0.00ns)   --->   "%br_ln47 = br void %if.end" [../project_2_src/vender.cpp:47]   --->   Operation 18 'br' 'br_ln47' <Predicate = (sum_read == 2)> <Delay = 0.00>
ST_1 : Operation 19 [1/1] (0.95ns)   --->   "%switch_ln17 = switch i2 %cash_read, void %sw.epilog18, i2 0, void %sw.bb10, i2 1, void %sw.bb12" [../project_2_src/vender.cpp:17]   --->   Operation 19 'switch' 'switch_ln17' <Predicate = (sum_read == 1)> <Delay = 0.95>
ST_1 : Operation 20 [1/1] (0.00ns)   --->   "%write_ln22 = write void @_ssdm_op_Write.ap_auto.i3P0A, i3 %sum, i3 2" [../project_2_src/vender.cpp:22]   --->   Operation 20 'write' 'write_ln22' <Predicate = (sum_read == 1 & cash_read == 1)> <Delay = 0.00>
ST_1 : Operation 21 [1/1] (0.00ns)   --->   "%br_ln23 = br void %sw.epilog18" [../project_2_src/vender.cpp:23]   --->   Operation 21 'br' 'br_ln23' <Predicate = (sum_read == 1 & cash_read == 1)> <Delay = 0.00>
ST_1 : Operation 22 [1/1] (0.00ns)   --->   "%write_ln19 = write void @_ssdm_op_Write.ap_auto.i3P0A, i3 %sum, i3 1" [../project_2_src/vender.cpp:19]   --->   Operation 22 'write' 'write_ln19' <Predicate = (sum_read == 1 & cash_read == 0)> <Delay = 0.00>
ST_1 : Operation 23 [1/1] (0.00ns)   --->   "%br_ln20 = br void %sw.epilog18" [../project_2_src/vender.cpp:20]   --->   Operation 23 'br' 'br_ln20' <Predicate = (sum_read == 1 & cash_read == 0)> <Delay = 0.00>
ST_1 : Operation 24 [1/1] (0.00ns)   --->   "%br_ln30 = br void %if.end34" [../project_2_src/vender.cpp:30]   --->   Operation 24 'br' 'br_ln30' <Predicate = (sum_read == 1)> <Delay = 0.00>
ST_1 : Operation 25 [1/1] (0.95ns)   --->   "%switch_ln4 = switch i2 %cash_read, void %sw.epilog, i2 0, void %sw.bb, i2 1, void %sw.bb3" [../project_2_src/vender.cpp:4]   --->   Operation 25 'switch' 'switch_ln4' <Predicate = (sum_read == 0)> <Delay = 0.95>
ST_1 : Operation 26 [1/1] (0.00ns)   --->   "%write_ln9 = write void @_ssdm_op_Write.ap_auto.i3P0A, i3 %sum, i3 1" [../project_2_src/vender.cpp:9]   --->   Operation 26 'write' 'write_ln9' <Predicate = (sum_read == 0 & cash_read == 1)> <Delay = 0.00>
ST_1 : Operation 27 [1/1] (0.00ns)   --->   "%br_ln10 = br void %sw.epilog" [../project_2_src/vender.cpp:10]   --->   Operation 27 'br' 'br_ln10' <Predicate = (sum_read == 0 & cash_read == 1)> <Delay = 0.00>
ST_1 : Operation 28 [1/1] (0.00ns)   --->   "%write_ln6 = write void @_ssdm_op_Write.ap_auto.i3P0A, i3 %sum, i3 0" [../project_2_src/vender.cpp:6]   --->   Operation 28 'write' 'write_ln6' <Predicate = (sum_read == 0 & cash_read == 0)> <Delay = 0.00>
ST_1 : Operation 29 [1/1] (0.00ns)   --->   "%br_ln7 = br void %sw.epilog" [../project_2_src/vender.cpp:7]   --->   Operation 29 'br' 'br_ln7' <Predicate = (sum_read == 0 & cash_read == 0)> <Delay = 0.00>
ST_1 : Operation 30 [1/1] (0.00ns)   --->   "%br_ln15 = br void %if.end35" [../project_2_src/vender.cpp:15]   --->   Operation 30 'br' 'br_ln15' <Predicate = (sum_read == 0)> <Delay = 0.00>
ST_1 : Operation 31 [1/1] (0.00ns)   --->   "%br_ln0 = br void %if.end34"   --->   Operation 31 'br' 'br_ln0' <Predicate = (sum_read != 0 & sum_read != 1)> <Delay = 0.00>
ST_1 : Operation 32 [1/1] (0.00ns)   --->   "%br_ln0 = br void %if.end35"   --->   Operation 32 'br' 'br_ln0' <Predicate = (sum_read != 0)> <Delay = 0.00>
ST_1 : Operation 33 [1/1] (0.00ns)   --->   "%ret_ln48 = ret" [../project_2_src/vender.cpp:48]   --->   Operation 33 'ret' 'ret_ln48' <Predicate = true> <Delay = 0.00>


============================================================
+ Verbose Summary: Timing violations
============================================================
Target clock period: 10ns, clock uncertainty: 2.7ns.

 <State 1>: 0.978ns
The critical path consists of the following:


============================================================
+ Verbose Summary: Binding
============================================================
N/A
* FSMD analyzer results:
  - Output states:
 - Input state : 
  - Chain level:
	State 1


============================================================
+ Verbose Summary: Datapath Resource usage 
============================================================
N/A
