#-----------------------------------------------------------
# xsim v2022.2 (64-bit)
# SW Build 3671981 on Fri Oct 14 05:00:03 MDT 2022
# IP Build 3669848 on Fri Oct 14 08:30:02 MDT 2022
# Start of session at: Sun Nov 20 00:25:15 2022
# Process ID: 53820
# Current directory: C:/Users/24073/Desktop/temp_hw/project_2/vender/solution1/sim/verilog
# Command line: xsim.exe -mode tcl -source {xsim.dir/balance/xsim_script.tcl}
# Log file: C:/Users/24073/Desktop/temp_hw/project_2/vender/solution1/sim/verilog/xsim.log
# Journal file: C:/Users/24073/Desktop/temp_hw/project_2/vender/solution1/sim/verilog\xsim.jou
# Running On: AlgoOy, OS: Windows, CPU Frequency: 3194 MHz, CPU Physical cores: 16, Host memory: 34204 MB
#-----------------------------------------------------------
source xsim.dir/balance/xsim_script.tcl
# xsim {balance} -autoloadwcfg -tclbatch {balance.tcl}
Time resolution is 1 ps
source balance.tcl
## run all
////////////////////////////////////////////////////////////////////////////////////
// Inter-Transaction Progress: Completed Transaction / Total Transaction
// Intra-Transaction Progress: Measured Latency / Latency Estimation * 100%
//
// RTL Simulation : "Inter-Transaction Progress" ["Intra-Transaction Progress"] @ "Simulation Time"
////////////////////////////////////////////////////////////////////////////////////
// RTL Simulation : 0 / 3 [n/a] @ "125000"
// RTL Simulation : 1 / 3 [n/a] @ "145000"
// RTL Simulation : 2 / 3 [n/a] @ "155000"
// RTL Simulation : 3 / 3 [n/a] @ "165000"
////////////////////////////////////////////////////////////////////////////////////
$finish called at time : 225 ns : File "C:/Users/24073/Desktop/temp_hw/project_2/vender/solution1/sim/verilog/balance.autotb.v" Line 397
## quit
INFO: [Common 17-206] Exiting xsim at Sun Nov 20 00:25:17 2022...
